2025-04-04 07:18:38.154325 - Received CBT.V508.FILE287.PDS from FILE287.XMI 
2025-04-04 07:18:38.155610 - Found $$$#DATE.txt (text/plain) in CBT.V508.FILE287.PDS, moved to PDS/$$$#DATE
2025-04-04 07:18:38.155749 - Found @FILE287.txt (text/plain) in CBT.V508.FILE287.PDS, moved to PDS/@FILE287
2025-04-04 07:18:38.155875 - Found @LIST.txt (text/plain) in CBT.V508.FILE287.PDS, moved to PDS/@LIST
2025-04-04 07:18:38.156006 - Found CAMLSTD.txt (text/plain) in CBT.V508.FILE287.PDS, moved to PDS/CAMLSTD
2025-04-04 07:18:38.156405 - Found DEFAULTA.txt (text/plain) in CBT.V508.FILE287.PDS, moved to PDS/DEFAULTA
2025-04-04 07:18:38.156547 - Found DFLTAAN.txt (text/plain) in CBT.V508.FILE287.PDS, moved to PDS/DFLTAAN
2025-04-04 07:18:38.156672 - Found DFLTAD.txt (text/plain) in CBT.V508.FILE287.PDS, moved to PDS/DFLTAD
2025-04-04 07:18:38.156792 - Found DFLTAP.txt (text/plain) in CBT.V508.FILE287.PDS, moved to PDS/DFLTAP
2025-04-04 07:18:38.156911 - Found DFLTAPDE.txt (text/plain) in CBT.V508.FILE287.PDS, moved to PDS/DFLTAPDE
2025-04-04 07:18:38.157022 - Found DFLTAQ.txt (text/plain) in CBT.V508.FILE287.PDS, moved to PDS/DFLTAQ
2025-04-04 07:18:38.157140 - Found DFLTARTC.txt (text/plain) in CBT.V508.FILE287.PDS, moved to PDS/DFLTARTC
2025-04-04 07:18:38.157253 - Found DSCTCARD.txt (text/plain) in CBT.V508.FILE287.PDS, moved to PDS/DSCTCARD
2025-04-04 07:18:38.157365 - Found ENDM.txt (text/plain) in CBT.V508.FILE287.PDS, moved to PDS/ENDM
2025-04-04 07:18:38.157495 - Found EQUGN.txt (text/plain) in CBT.V508.FILE287.PDS, moved to PDS/EQUGN
2025-04-04 07:18:38.157619 - Found HELP.txt (text/plain) in CBT.V508.FILE287.PDS, moved to PDS/HELP
2025-04-04 07:18:38.157735 - Found LAT.txt (text/plain) in CBT.V508.FILE287.PDS, moved to PDS/LAT
2025-04-04 07:18:38.157853 - Found LODE.txt (text/plain) in CBT.V508.FILE287.PDS, moved to PDS/LODE
2025-04-04 07:18:38.157991 - Found LODENAME.txt (text/plain) in CBT.V508.FILE287.PDS, moved to PDS/LODENAME
2025-04-04 07:18:38.158105 - Found LODESTAR.txt (text/plain) in CBT.V508.FILE287.PDS, moved to PDS/LODESTAR
2025-04-04 07:18:38.158222 - Found MTITL.txt (text/plain) in CBT.V508.FILE287.PDS, moved to PDS/MTITL
2025-04-04 07:18:38.158407 - Found NOTES.txt (text/plain) in CBT.V508.FILE287.PDS, moved to PDS/NOTES
2025-04-04 07:18:38.158576 - Found OPTIONDF.txt (text/plain) in CBT.V508.FILE287.PDS, moved to PDS/OPTIONDF
2025-04-04 07:18:38.158718 - Found REGEQU.txt (text/plain) in CBT.V508.FILE287.PDS, moved to PDS/REGEQU
2025-04-04 07:18:38.158871 - Found SAVEM.txt (text/plain) in CBT.V508.FILE287.PDS, moved to PDS/SAVEM
2025-04-04 07:18:38.159020 - Found SCRIPT.txt (text/plain) in CBT.V508.FILE287.PDS, moved to PDS/SCRIPT
2025-04-04 07:18:38.159140 - Found STITL.txt (text/plain) in CBT.V508.FILE287.PDS, moved to PDS/STITL
